<?xml version="1.0" encoding="UTF-8" standalone="no"?>
<testsuite errors="0" failures="0" name="io.cucumber.core.plugin.JUnitFormatter" skipped="0" tests="5" time="195.964">
    <testcase classname="As a user, I should be able to use &quot;Tags&quot; filter under 'Fleet-Vehicles' page" name="User can select Tags filter under Fleet-Vehicles page" time="29.273">
        <system-out><![CDATA[Given The user logs in with credential username "user1" and password "UserUser123".passed
Then The user navigates to Fleet-Vehicle page...............................passed
When User clicks to filter icon button......................................passed
And User able to see "Manage filters".......................................passed
Then User able to clicks to Tags............................................passed
]]></system-out>
    </testcase>
    <testcase classname="As a user, I should be able to use &quot;Tags&quot; filter under 'Fleet-Vehicles' page" name="User should able to see provided tags" time="43.462">
        <system-out><![CDATA[Given The user logs in with credential username "user1" and password "UserUser123".passed
Then The user navigates to Fleet-Vehicle page...............................passed
When User click Tags: All...................................................passed
Then User should able to see "Is Any Of" and "Is Not Any Of" options........passed
]]></system-out>
    </testcase>
    <testcase classname="As a user, I should be able to use &quot;Tags&quot; filter under 'Fleet-Vehicles' page" name="User should able to see corresponding value" time="42.461">
        <system-out><![CDATA[Given The user logs in with credential username "user1" and password "UserUser123".passed
Then The user navigates to Fleet-Vehicle page...............................passed
When User selects Is Any Of method..........................................passed
And User entries "Compact" to search box....................................passed
Then User able to see "Compact" corresponding value on the table............passed
]]></system-out>
    </testcase>
    <testcase classname="As a user, I should be able to use &quot;Tags&quot; filter under 'Fleet-Vehicles' page" name="User should not able to see corresponding value" time="39.133">
        <system-out><![CDATA[Given The user logs in with credential username "user1" and password "UserUser123".passed
Then The user navigates to Fleet-Vehicle page...............................passed
When User selects Is Not Any Of method......................................passed
And User entries "Compact" to search box....................................passed
Then User should not able to see "Compact" corresponding value on the table.passed
]]></system-out>
    </testcase>
    <testcase classname="As a user, I should be able to use &quot;Tags&quot; filter under 'Fleet-Vehicles' page" name="User should not able to see corresponding value 2" time="41.355">
        <system-out><![CDATA[Given The user logs in with credential username "user1" and password "UserUser123".passed
Then The user navigates to Fleet-Vehicle page...............................passed
When User selects Is Not Any Of method......................................passed
And User entries "Compact" to search box....................................passed
Then User should not able to see "Compact" and "Sedan" corresponding value on the table.passed
]]></system-out>
    </testcase>
</testsuite>
