<?xml version="1.0" encoding="UTF-8" standalone="no"?>
<testsuite errors="0" failures="1" name="io.cucumber.core.plugin.JUnitFormatter" skipped="0" tests="14" time="157.012">
    <testcase classname="Login to Dashboard" name="User logins to Dashboard with valid credentials" time="14.74">
        <system-out>
            <![CDATA[Given User is on the login page.............................................passed
When The user logs in as "sales manager"....................................passed
]]>
        </system-out>
    </testcase>
    <testcase classname="Login to Dashboard" name="User logins to Dashboard with valid credentials 2" time="10.777">
        <system-out>
            <![CDATA[Given User is on the login page.............................................passed
When The user logs in as "store manager"....................................passed
]]>
        </system-out>
    </testcase>
    <testcase classname="Login to Dashboard" name="User logins to Dashboard with valid credentials 3" time="10.02">
        <system-out>
            <![CDATA[Given User is on the login page.............................................passed
When The user logs in as "driver"...........................................passed
]]>
        </system-out>
    </testcase>
    <testcase classname="Login to Dashboard" name="Login with invalid username and valid password" time="9.993">
        <system-out>
            <![CDATA[Given User is on the login page.............................................passed
When The user enter invalid username and valid password.....................passed
Then The user see Invalid user name or password error message...............passed
]]>
        </system-out>
    </testcase>
    <testcase classname="Login to Dashboard" name="Login with valid username and invalid password" time="9.835">
        <system-out>
            <![CDATA[Given User is on the login page.............................................passed
When The user enter valid username and invalid password.....................passed
Then The user see Invalid user name or password error message...............passed
]]>
        </system-out>
    </testcase>
    <testcase classname="Login to Dashboard" name="Login with empty username and random password" time="13.878">
        <system-out>
            <![CDATA[Given User is on the login page.............................................passed
When The user enter empty username and random password......................passed
Then The user see Lütfen bu alanı doldurun error message....................passed
]]>
        </system-out>
    </testcase>
    <testcase classname="Login to Dashboard" name="Login with random username and empty password" time="13.874">
        <system-out>
            <![CDATA[Given User is on the login page.............................................passed
When The user enter random username and empty password......................passed
Then The user see Lütfen bu alanı doldurun error message....................passed
]]>
        </system-out>
    </testcase>
    <testcase classname="Login to Dashboard" name="Login with empty username and empty password" time="13.916">
        <system-out>
            <![CDATA[Given User is on the login page.............................................passed
When The user enter empty username and empty password.......................passed
Then The user see Lütfen bu alanı doldurun error message....................passed
]]>
        </system-out>
    </testcase>
    <testcase classname="Login to Dashboard" name="Click Forgot your password? link" time="9.37">
        <system-out>
            <![CDATA[Given User is on the login page.............................................passed
When The user click Forgot your password? link..............................passed
Then The user see Forgot Password page......................................passed
]]>
        </system-out>
    </testcase>
    <testcase classname="Login to Dashboard" name="&quot;Remember me on this computer&quot; link exists" time="8.606">
        <system-out>
            <![CDATA[Given User is on the login page.............................................passed
Then The user see Forgot Remember me on this computer link..................passed
]]>
        </system-out>
    </testcase>
    <testcase classname="Login to Dashboard" name="Clickable &quot;Remember me on this computer&quot; link" time="8.792">
        <system-out>
            <![CDATA[Given User is on the login page.............................................passed
When The user see Remember me on this computer link is clickable............passed
]]>
        </system-out>
    </testcase>
    <testcase classname="Login to Dashboard" name="User should see the password in bullet signs by default (like ****)" time="8.847">
        <system-out>
            <![CDATA[Given User is on the login page.............................................passed
When User type the password.................................................passed
Then User see the password in bullet signs by default.......................passed
]]>
        </system-out>
    </testcase>
    <testcase classname="Login to Dashboard" name="Verify if the ‘Enter’ key of the keyboard is working correctly on the login page" time="8.901">
        <system-out>
            <![CDATA[Given User is on the login page.............................................passed
When User press enter key of the keyboard...................................passed
Then User see enter key is working..........................................passed
]]>
        </system-out>
    </testcase>
    <testcase classname="Login to Dashboard" name="All users can see their own usernames in the profile menu, after successful login" time="15.061">
        <failure message="expected:&lt;[John Doe]&gt; but was:&lt;[user1]&gt;" type="org.junit.ComparisonFailure">
            <![CDATA[Given User is on the login page.............................................passed
When User enter valid username and valid password and click.................passed
Then User see own username in the profile menu..............................failed

StackTrace:
org.junit.ComparisonFailure: expected:<[John Doe]> but was:<[user1]>
	at org.junit.Assert.assertEquals(Assert.java:117)
	at org.junit.Assert.assertEquals(Assert.java:146)
	at com.fleetGru.StepDefinitions.LoginStepDefs.userSeeOwnUsernameInTheProfileMenu(LoginStepDefs.java:172)
	at ✽.User see own username in the profile menu(file:///C:/Users/melte/IdeaProjects/Group10/src/test/resources/features/login.feature:80)
]]>
        </failure>
    </testcase>
</testsuite>
