<?xml version="1.0" encoding="UTF-8" standalone="no"?>
<testsuite errors="0" failures="0" name="io.cucumber.core.plugin.JUnitFormatter" skipped="0" tests="1" time="100.571">
    <testcase classname="User able to see detailed information of specific vehicle" name="_2" time="100.462">
        <system-out><![CDATA[Given User on the Fleet-Vehicle page........................................passed
Then User sees same information about vehicle Fleet-Vehicle page and General Information Page.passed
]]></system-out>
    </testcase>
</testsuite>
