<?xml version="1.0" encoding="UTF-8" standalone="no"?>
<testsuite errors="0" failures="2" name="io.cucumber.core.plugin.JUnitFormatter" skipped="0" tests="7" time="145.525">
    <testcase classname="User Story :" name="Grid Settings toolbar" time="31.4">
        <failure message="element click intercepted: Element &lt;div class=&quot;column-manager dropdown&quot;&gt;...&lt;/div&gt; is not clickable at point (1861, 182). Other element would receive the click: &lt;div class=&quot;loader-mask shown&quot;&gt;...&lt;/div&gt;&#10;  (Session info: chrome=111.0.5563.112)&#10;Build info: version: '3.141.59', revision: 'e82be7d358', time: '2018-11-14T08:17:03'&#10;System info: host: 'MONSTER', ip: '192.168.1.35', os.name: 'Windows 11', os.arch: 'amd64', os.version: '10.0', java.version: '19.0.2'&#10;Driver info: org.openqa.selenium.chrome.ChromeDriver&#10;Capabilities {acceptInsecureCerts: false, browserName: chrome, browserVersion: 111.0.5563.112, chrome: {chromedriverVersion: 111.0.5563.64 (c710e93d5b63..., userDataDir: C:\Users\surha\AppData\Loca...}, goog:chromeOptions: {debuggerAddress: localhost:57994}, javascriptEnabled: true, networkConnectionEnabled: false, pageLoadStrategy: normal, platform: WINDOWS, platformName: WINDOWS, proxy: Proxy(), setWindowRect: true, strictFileInteractability: false, timeouts: {implicit: 0, pageLoad: 300000, script: 30000}, unhandledPromptBehavior: dismiss and notify, webauthn:extension:credBlob: true, webauthn:extension:largeBlob: true, webauthn:extension:minPinLength: true, webauthn:extension:prf: true, webauthn:virtualAuthenticators: true}&#10;Session ID: ffebf156bb06715789504a44d0c9e2ee" type="org.openqa.selenium.ElementClickInterceptedException"><![CDATA[Given The user is on the login page.........................................passed
When The user logs in as "sales manager"....................................passed
And The user navigates to Dashboard Fleet-Vehicle page......................passed
When User clicks on the gear icon...........................................failed
Then user can see grid settings.............................................skipped

StackTrace:
org.openqa.selenium.ElementClickInterceptedException: element click intercepted: Element <div class="column-manager dropdown">...</div> is not clickable at point (1861, 182). Other element would receive the click: <div class="loader-mask shown">...</div>
  (Session info: chrome=111.0.5563.112)
Build info: version: '3.141.59', revision: 'e82be7d358', time: '2018-11-14T08:17:03'
System info: host: 'MONSTER', ip: '192.168.1.35', os.name: 'Windows 11', os.arch: 'amd64', os.version: '10.0', java.version: '19.0.2'
Driver info: org.openqa.selenium.chrome.ChromeDriver
Capabilities {acceptInsecureCerts: false, browserName: chrome, browserVersion: 111.0.5563.112, chrome: {chromedriverVersion: 111.0.5563.64 (c710e93d5b63..., userDataDir: C:\Users\surha\AppData\Loca...}, goog:chromeOptions: {debuggerAddress: localhost:57994}, javascriptEnabled: true, networkConnectionEnabled: false, pageLoadStrategy: normal, platform: WINDOWS, platformName: WINDOWS, proxy: Proxy(), setWindowRect: true, strictFileInteractability: false, timeouts: {implicit: 0, pageLoad: 300000, script: 30000}, unhandledPromptBehavior: dismiss and notify, webauthn:extension:credBlob: true, webauthn:extension:largeBlob: true, webauthn:extension:minPinLength: true, webauthn:extension:prf: true, webauthn:virtualAuthenticators: true}
Session ID: ffebf156bb06715789504a44d0c9e2ee
	at java.base/jdk.internal.reflect.DirectConstructorHandleAccessor.newInstance(DirectConstructorHandleAccessor.java:67)
	at java.base/java.lang.reflect.Constructor.newInstanceWithCaller(Constructor.java:500)
	at java.base/java.lang.reflect.Constructor.newInstance(Constructor.java:484)
	at org.openqa.selenium.remote.http.W3CHttpResponseCodec.createException(W3CHttpResponseCodec.java:187)
	at org.openqa.selenium.remote.http.W3CHttpResponseCodec.decode(W3CHttpResponseCodec.java:122)
	at org.openqa.selenium.remote.http.W3CHttpResponseCodec.decode(W3CHttpResponseCodec.java:49)
	at org.openqa.selenium.remote.HttpCommandExecutor.execute(HttpCommandExecutor.java:158)
	at org.openqa.selenium.remote.service.DriverCommandExecutor.execute(DriverCommandExecutor.java:83)
	at org.openqa.selenium.remote.RemoteWebDriver.execute(RemoteWebDriver.java:552)
	at org.openqa.selenium.remote.RemoteWebElement.execute(RemoteWebElement.java:285)
	at org.openqa.selenium.remote.RemoteWebElement.click(RemoteWebElement.java:84)
	at java.base/jdk.internal.reflect.DirectMethodHandleAccessor.invoke(DirectMethodHandleAccessor.java:104)
	at java.base/java.lang.reflect.Method.invoke(Method.java:578)
	at org.openqa.selenium.support.pagefactory.internal.LocatingElementHandler.invoke(LocatingElementHandler.java:51)
	at jdk.proxy2/jdk.proxy2.$Proxy20.click(Unknown Source)
	at com.fleetGru.StepDefinitions.VehiclesGridSettings.user_clicks_on_the_gear_icon(VehiclesGridSettings.java:32)
	at ✽.User clicks on the gear icon(file:///C:/Users/surha/Documents/GitHub/Group101/src/test/resources/features/VehicleGridSettings.feature:45)
]]></failure>
    </testcase>
    <testcase classname="User Story :" name="Testing default column names" time="23.802">
        <failure message="element click intercepted: Element &lt;div class=&quot;column-manager dropdown&quot;&gt;...&lt;/div&gt; is not clickable at point (1861, 182). Other element would receive the click: &lt;div class=&quot;loader-mask shown&quot;&gt;...&lt;/div&gt;&#10;  (Session info: chrome=111.0.5563.112)&#10;Build info: version: '3.141.59', revision: 'e82be7d358', time: '2018-11-14T08:17:03'&#10;System info: host: 'MONSTER', ip: '192.168.1.35', os.name: 'Windows 11', os.arch: 'amd64', os.version: '10.0', java.version: '19.0.2'&#10;Driver info: org.openqa.selenium.chrome.ChromeDriver&#10;Capabilities {acceptInsecureCerts: false, browserName: chrome, browserVersion: 111.0.5563.112, chrome: {chromedriverVersion: 111.0.5563.64 (c710e93d5b63..., userDataDir: C:\Users\surha\AppData\Loca...}, goog:chromeOptions: {debuggerAddress: localhost:58028}, javascriptEnabled: true, networkConnectionEnabled: false, pageLoadStrategy: normal, platform: WINDOWS, platformName: WINDOWS, proxy: Proxy(), setWindowRect: true, strictFileInteractability: false, timeouts: {implicit: 0, pageLoad: 300000, script: 30000}, unhandledPromptBehavior: dismiss and notify, webauthn:extension:credBlob: true, webauthn:extension:largeBlob: true, webauthn:extension:minPinLength: true, webauthn:extension:prf: true, webauthn:virtualAuthenticators: true}&#10;Session ID: cd5489d93b6807cf904b42e9bd28b364" type="org.openqa.selenium.ElementClickInterceptedException"><![CDATA[Given The user is on the login page.........................................passed
When The user logs in as "sales manager"....................................passed
And The user navigates to Dashboard Fleet-Vehicle page......................passed
When User clicks on the gear icon...........................................failed
Then User checks all the visible tags by name...............................skipped

StackTrace:
org.openqa.selenium.ElementClickInterceptedException: element click intercepted: Element <div class="column-manager dropdown">...</div> is not clickable at point (1861, 182). Other element would receive the click: <div class="loader-mask shown">...</div>
  (Session info: chrome=111.0.5563.112)
Build info: version: '3.141.59', revision: 'e82be7d358', time: '2018-11-14T08:17:03'
System info: host: 'MONSTER', ip: '192.168.1.35', os.name: 'Windows 11', os.arch: 'amd64', os.version: '10.0', java.version: '19.0.2'
Driver info: org.openqa.selenium.chrome.ChromeDriver
Capabilities {acceptInsecureCerts: false, browserName: chrome, browserVersion: 111.0.5563.112, chrome: {chromedriverVersion: 111.0.5563.64 (c710e93d5b63..., userDataDir: C:\Users\surha\AppData\Loca...}, goog:chromeOptions: {debuggerAddress: localhost:58028}, javascriptEnabled: true, networkConnectionEnabled: false, pageLoadStrategy: normal, platform: WINDOWS, platformName: WINDOWS, proxy: Proxy(), setWindowRect: true, strictFileInteractability: false, timeouts: {implicit: 0, pageLoad: 300000, script: 30000}, unhandledPromptBehavior: dismiss and notify, webauthn:extension:credBlob: true, webauthn:extension:largeBlob: true, webauthn:extension:minPinLength: true, webauthn:extension:prf: true, webauthn:virtualAuthenticators: true}
Session ID: cd5489d93b6807cf904b42e9bd28b364
	at java.base/jdk.internal.reflect.DirectConstructorHandleAccessor.newInstance(DirectConstructorHandleAccessor.java:67)
	at java.base/java.lang.reflect.Constructor.newInstanceWithCaller(Constructor.java:500)
	at java.base/java.lang.reflect.Constructor.newInstance(Constructor.java:484)
	at org.openqa.selenium.remote.http.W3CHttpResponseCodec.createException(W3CHttpResponseCodec.java:187)
	at org.openqa.selenium.remote.http.W3CHttpResponseCodec.decode(W3CHttpResponseCodec.java:122)
	at org.openqa.selenium.remote.http.W3CHttpResponseCodec.decode(W3CHttpResponseCodec.java:49)
	at org.openqa.selenium.remote.HttpCommandExecutor.execute(HttpCommandExecutor.java:158)
	at org.openqa.selenium.remote.service.DriverCommandExecutor.execute(DriverCommandExecutor.java:83)
	at org.openqa.selenium.remote.RemoteWebDriver.execute(RemoteWebDriver.java:552)
	at org.openqa.selenium.remote.RemoteWebElement.execute(RemoteWebElement.java:285)
	at org.openqa.selenium.remote.RemoteWebElement.click(RemoteWebElement.java:84)
	at java.base/jdk.internal.reflect.DirectMethodHandleAccessor.invoke(DirectMethodHandleAccessor.java:104)
	at java.base/java.lang.reflect.Method.invoke(Method.java:578)
	at org.openqa.selenium.support.pagefactory.internal.LocatingElementHandler.invoke(LocatingElementHandler.java:51)
	at jdk.proxy2/jdk.proxy2.$Proxy20.click(Unknown Source)
	at com.fleetGru.StepDefinitions.VehiclesGridSettings.user_clicks_on_the_gear_icon(VehiclesGridSettings.java:32)
	at ✽.User clicks on the gear icon(file:///C:/Users/surha/Documents/GitHub/Group101/src/test/resources/features/VehicleGridSettings.feature:51)
]]></failure>
    </testcase>
    <testcase classname="User Story :" name="Testing checkboxes" time="18.084">
        <system-out><![CDATA[Given The user is on the login page.........................................passed
When The user logs in as "sales manager"....................................passed
And The user navigates to Dashboard Fleet-Vehicle page......................passed
When User clicks on the gear icon...........................................passed
When user searches for a random tag.........................................passed
Then the random tag user searched for will be displayed.....................passed
]]></system-out>
    </testcase>
    <testcase classname="User Story :" name="Testing drag and drop" time="18.63">
        <system-out><![CDATA[Given The user is on the login page.........................................passed
When The user logs in as "sales manager"....................................passed
And The user navigates to Dashboard Fleet-Vehicle page......................passed
When User clicks on the gear icon...........................................passed
When User selects and moves 4 random tags by dragging and dropping..........passed
Then User confirms all the grid changes are applied.........................passed
]]></system-out>
    </testcase>
    <testcase classname="User Story :" name="Verify all the chechboxes are selectable" time="16.9">
        <system-out><![CDATA[Given The user is on the login page.........................................passed
When The user logs in as "sales manager"....................................passed
And The user navigates to Dashboard Fleet-Vehicle page......................passed
When User clicks on the gear icon...........................................passed
Then User confirms all the tags can be selected.............................passed
]]></system-out>
    </testcase>
    <testcase classname="User Story :" name="Verify all the chechboxes are selected and changes are applied" time="17.799">
        <system-out><![CDATA[Given The user is on the login page.........................................passed
When The user logs in as "sales manager"....................................passed
And The user navigates to Dashboard Fleet-Vehicle page......................passed
When User clicks on the gear icon...........................................passed
When User selects all grid tags.............................................passed
Then User confirms all the grid changes are applied.........................passed
]]></system-out>
    </testcase>
    <testcase classname="User Story :" name="Testing random selected tags" time="18.583">
        <system-out><![CDATA[Given The user is on the login page.........................................passed
When The user logs in as "sales manager"....................................passed
And The user navigates to Dashboard Fleet-Vehicle page......................passed
When User clicks on the gear icon...........................................passed
When User selects 8 random grid tags........................................passed
Then User confirms all the grid changes are applied.........................passed
]]></system-out>
    </testcase>
</testsuite>
